     1 00000000                                 ; naskfunc
     2 00000000                                 ; TAB=4
     3 00000000                                 
     4 00000000                                 [FORMAT "WCOFF"]				; 制作目标文件的模式
     5 00000000                                 [INSTRSET "i486p"]				; 486使用
     6 00000000                                 [BITS 32]						; 制作32位模式用的机械语言
     7 00000000                                 
     8 00000000                                 
     9 00000000                                 ; 制作目标文件的信息
    10 00000000                                 
    11 00000000                                 [FILE "naskfunc.nas"]			; 源文件名信息
    12 00000000                                 
    13 00000000                                 		GLOBAL	_io_hlt,_write_mem8			; 程序中包含的函数名
    14 00000000                                 
    15 00000000                                 
    16 00000000                                 ; 以下是实际函数
    17 00000000                                 
    18                                          [SECTION .text]		; 目标文件中写了这些以后再写程序
    19 00000000                                 
    20 00000000                                 _io_hlt:	; void io_hlt(void);
    21 00000000 F4                              		HLT
    22 00000001 C3                              		RET
    23 00000002                                 
    24 00000002                                 _write_mem8: 	; void write_mem8(int addr, int dat);
    25 00000002 8B 4C 24 04                     		MOV		ECX,[ESP+4]		; [ESP+4]存放的是地址
    26 00000006 8A 44 24 08                     		MOV		AL,[ESP+8]		; [ESP+8]存放的是数据
    27 0000000A 88 01                           		MOV		[ECX],AL
    28 0000000C C3                              		RET